Vivado Simulator v2024.2.0
Copyright 1986-2022 Xilinx, Inc. All Rights Reserved.
Copyright 2022-2024 Advanced Micro Devices, Inc. All Rights Reserved.
Running: C:/Xilinx/Vivado/2024.2/bin/unwrapped/win64.o/xelab.exe --incr --debug typical --relax --mt 2 -L xil_defaultlib -L unisims_ver -L unimacro_ver -L secureip --snapshot tb_Top_Control_Hazard_behav xil_defaultlib.tb_Top_Control_Hazard xil_defaultlib.glbl -log elaborate.log 
Using 2 slave threads.
Starting static elaboration
Pass Through NonSizing Optimizer
Completed static elaboration
Starting simulation data flow analysis
Completed simulation data flow analysis
Time Resolution for simulation is 1ps
Compiling module xil_defaultlib.Hazard_unit
Compiling module xil_defaultlib.Forward_unit
Compiling module xil_defaultlib.PCSEL_mux
Compiling module xil_defaultlib.Register_en
Compiling module xil_defaultlib.PC_4
Compiling module xil_defaultlib.Instruction_Memory
Compiling module xil_defaultlib.Register_file
Compiling module xil_defaultlib.Mux_2to1_5bits
Compiling module xil_defaultlib.Sign_Extender
Compiling module xil_defaultlib.LS_2
Compiling module xil_defaultlib.Adder
Compiling module xil_defaultlib.Nor_gate
Compiling module xil_defaultlib.Mux_2to1
Compiling module xil_defaultlib.Register
Compiling module xil_defaultlib.ALU
Compiling module xil_defaultlib.Data_memory
Compiling module xil_defaultlib.Register_1
Compiling module xil_defaultlib.Register_2
Compiling module xil_defaultlib.Register_4
Compiling module xil_defaultlib.Datapath_unit
Compiling module xil_defaultlib.Control_unit
Compiling module xil_defaultlib.Top
Compiling module xil_defaultlib.tb_Top_Control_Hazard
Compiling module xil_defaultlib.glbl
Built simulation snapshot tb_Top_Control_Hazard_behav
