INFO: [VRFC 10-2263] Analyzing Verilog file "D:/Beta/Beta_Processor - Copy/Beta_Processor.srcs/sources_1/new/ALU.v" into library xil_defaultlib
INFO: [VRFC 10-311] analyzing module ALU
INFO: [VRFC 10-2263] Analyzing Verilog file "D:/Beta/Beta_Processor - Copy/Beta_Processor.srcs/sources_1/new/Adder.v" into library xil_defaultlib
INFO: [VRFC 10-311] analyzing module Adder
INFO: [VRFC 10-2263] Analyzing Verilog file "D:/Beta/Beta_Processor - Copy/Beta_Processor.srcs/sources_1/new/Control_unit.v" into library xil_defaultlib
INFO: [VRFC 10-311] analyzing module Control_unit
INFO: [VRFC 10-2263] Analyzing Verilog file "D:/Beta/Beta_Processor - Copy/Beta_Processor.srcs/sources_1/new/Data_memory.v" into library xil_defaultlib
INFO: [VRFC 10-311] analyzing module Data_memory
INFO: [VRFC 10-2263] Analyzing Verilog file "D:/Beta/Beta_Processor - Copy/Beta_Processor.srcs/sources_1/new/Datapath_unit.v" into library xil_defaultlib
INFO: [VRFC 10-311] analyzing module Datapath_unit
INFO: [VRFC 10-2263] Analyzing Verilog file "D:/Beta/Beta_Processor - Copy/Beta_Processor.srcs/sources_1/new/Forward_unit.v" into library xil_defaultlib
INFO: [VRFC 10-311] analyzing module Forward_unit
INFO: [VRFC 10-2263] Analyzing Verilog file "D:/Beta/Beta_Processor - Copy/Beta_Processor.srcs/sources_1/new/Hazard_unit.v" into library xil_defaultlib
INFO: [VRFC 10-311] analyzing module Hazard_unit
INFO: [VRFC 10-2263] Analyzing Verilog file "D:/Beta/Beta_Processor - Copy/Beta_Processor.srcs/sources_1/new/Instruction_Memory.v" into library xil_defaultlib
INFO: [VRFC 10-311] analyzing module Instruction_Memory
INFO: [VRFC 10-2263] Analyzing Verilog file "D:/Beta/Beta_Processor - Copy/Beta_Processor.srcs/sources_1/new/LS_2.v" into library xil_defaultlib
INFO: [VRFC 10-311] analyzing module LS_2
INFO: [VRFC 10-2263] Analyzing Verilog file "D:/Beta/Beta_Processor - Copy/Beta_Processor.srcs/sources_1/new/Mux_2to1.v" into library xil_defaultlib
INFO: [VRFC 10-311] analyzing module Mux_2to1
INFO: [VRFC 10-2263] Analyzing Verilog file "D:/Beta/Beta_Processor - Copy/Beta_Processor.srcs/sources_1/new/Mux_2to1_5bits.v" into library xil_defaultlib
INFO: [VRFC 10-311] analyzing module Mux_2to1_5bits
INFO: [VRFC 10-2263] Analyzing Verilog file "D:/Beta/Beta_Processor - Copy/Beta_Processor.srcs/sources_1/new/Nor_gate.v" into library xil_defaultlib
INFO: [VRFC 10-311] analyzing module Nor_gate
INFO: [VRFC 10-2263] Analyzing Verilog file "D:/Beta/Beta_Processor - Copy/Beta_Processor.srcs/sources_1/new/PCSEL_mux.v" into library xil_defaultlib
INFO: [VRFC 10-311] analyzing module PCSEL_mux
INFO: [VRFC 10-2263] Analyzing Verilog file "D:/Beta/Beta_Processor - Copy/Beta_Processor.srcs/sources_1/new/PC_4.v" into library xil_defaultlib
INFO: [VRFC 10-311] analyzing module PC_4
INFO: [VRFC 10-2263] Analyzing Verilog file "D:/Beta/Beta_Processor - Copy/Beta_Processor.srcs/sources_1/new/Register.v" into library xil_defaultlib
INFO: [VRFC 10-311] analyzing module Register
INFO: [VRFC 10-2263] Analyzing Verilog file "D:/Beta/Beta_Processor - Copy/Beta_Processor.srcs/sources_1/new/Register_1.v" into library xil_defaultlib
INFO: [VRFC 10-311] analyzing module Register_1
INFO: [VRFC 10-2263] Analyzing Verilog file "D:/Beta/Beta_Processor - Copy/Beta_Processor.srcs/sources_1/new/Register_2.v" into library xil_defaultlib
INFO: [VRFC 10-311] analyzing module Register_2
INFO: [VRFC 10-2263] Analyzing Verilog file "D:/Beta/Beta_Processor - Copy/Beta_Processor.srcs/sources_1/new/Register_4.v" into library xil_defaultlib
INFO: [VRFC 10-311] analyzing module Register_4
INFO: [VRFC 10-2263] Analyzing Verilog file "D:/Beta/Beta_Processor - Copy/Beta_Processor.srcs/sources_1/new/Register_en.v" into library xil_defaultlib
INFO: [VRFC 10-311] analyzing module Register_en
INFO: [VRFC 10-2263] Analyzing Verilog file "D:/Beta/Beta_Processor - Copy/Beta_Processor.srcs/sources_1/new/Register_file.v" into library xil_defaultlib
INFO: [VRFC 10-311] analyzing module Register_file
INFO: [VRFC 10-2263] Analyzing Verilog file "D:/Beta/Beta_Processor - Copy/Beta_Processor.srcs/sources_1/new/Sign_Extender.v" into library xil_defaultlib
INFO: [VRFC 10-311] analyzing module Sign_Extender
INFO: [VRFC 10-2263] Analyzing Verilog file "D:/Beta/Beta_Processor - Copy/Beta_Processor.srcs/sources_1/new/Top.v" into library xil_defaultlib
INFO: [VRFC 10-311] analyzing module Top
INFO: [VRFC 10-2263] Analyzing Verilog file "D:/Beta/Beta_Processor - Copy/Beta_Processor.srcs/sim_1/new/tb_control_hazard.v" into library xil_defaultlib
INFO: [VRFC 10-311] analyzing module tb_Top_Control_Hazard
